0 info it worked if it ends with ok
1 verbose cli [ 'C:\\Program Files\\nodejs\\node.exe',
1 verbose cli   'C:\\Program Files\\nodejs\\node_modules\\npm\\bin\\npm-cli.js',
1 verbose cli   'install',
1 verbose cli   '-g',
1 verbose cli   'multer' ]
2 info using npm@2.15.1
3 info using node@v4.4.3
4 verbose install initial load of C:\Users\p10007954\AppData\Roaming\npm\package.json
5 verbose readDependencies loading dependencies from C:\Users\p10007954\AppData\Roaming\npm\package.json
6 silly cache add args [ 'multer', null ]
7 verbose cache add spec multer
8 silly cache add parsed spec Result {
8 silly cache add   raw: 'multer',
8 silly cache add   scope: null,
8 silly cache add   name: 'multer',
8 silly cache add   rawSpec: '',
8 silly cache add   spec: 'latest',
8 silly cache add   type: 'tag' }
9 silly addNamed multer@latest
10 verbose addNamed "latest" is being treated as a dist-tag for multer
11 info addNameTag [ 'multer', 'latest' ]
12 silly mapToRegistry name multer
13 silly mapToRegistry using default registry
14 silly mapToRegistry registry https://registry.npmjs.org/
15 silly mapToRegistry data Result {
15 silly mapToRegistry   raw: 'multer',
15 silly mapToRegistry   scope: null,
15 silly mapToRegistry   name: 'multer',
15 silly mapToRegistry   rawSpec: '',
15 silly mapToRegistry   spec: 'latest',
15 silly mapToRegistry   type: 'tag' }
16 silly mapToRegistry uri https://registry.npmjs.org/multer
17 verbose addNameTag registry:https://registry.npmjs.org/multer not in flight; fetching
18 verbose request uri https://registry.npmjs.org/multer
19 verbose request no auth needed
20 info attempt registry request try #1 at 11:55:01 AM
21 verbose request id 222d4805b63a2c11
22 http request GET https://registry.npmjs.org/multer
23 info retry will retry, error on last attempt: Error: connect ETIMEDOUT 185.31.19.162:443
24 info attempt registry request try #2 at 11:55:33 AM
25 http request GET https://registry.npmjs.org/multer
26 info retry will retry, error on last attempt: Error: connect ETIMEDOUT 185.31.19.162:443
27 info attempt registry request try #3 at 11:56:54 AM
28 http request GET https://registry.npmjs.org/multer
29 verbose stack Error: connect ETIMEDOUT 185.31.19.162:443
29 verbose stack     at Object.exports._errnoException (util.js:870:11)
29 verbose stack     at exports._exceptionWithHostPort (util.js:893:20)
29 verbose stack     at TCPConnectWrap.afterConnect [as oncomplete] (net.js:1061:14)
30 verbose cwd C:\SourceCode\Learn\Node\App
31 error Windows_NT 6.1.7601
32 error argv "C:\\Program Files\\nodejs\\node.exe" "C:\\Program Files\\nodejs\\node_modules\\npm\\bin\\npm-cli.js" "install" "-g" "multer"
33 error node v4.4.3
34 error npm  v2.15.1
35 error code ETIMEDOUT
36 error errno ETIMEDOUT
37 error syscall connect
38 error network connect ETIMEDOUT 185.31.19.162:443
38 error network This is most likely not a problem with npm itself
38 error network and is related to network connectivity.
38 error network In most cases you are behind a proxy or have bad network settings.
38 error network
38 error network If you are behind a proxy, please make sure that the
38 error network 'proxy' config is set properly.  See: 'npm help config'
39 verbose exit [ 1, true ]
